<?xml version="1.0" encoding="UTF-8"?>
<!-- Generated by org.testng.reporters.JUnitXMLReporter -->
<testsuite ignored="1" hostname="Syful-Lenovo" failures="0" tests="5" name="Personal Loan" time="0.038" errors="0" timestamp="2018-11-17T20:56:33 EST">
  <testcase classname="testNGtutorial.day1" name="Demo" time="0.002"/>
  <testcase classname="testNGtutorial.day2" name="ploan" time="0.001"/>
  <testcase classname="testNGtutorial.day4" name="LoginAPIHomeLoan" time="0.0"/>
  <testcase classname="testNGtutorial.day4" name="mobileloginHomeLoan" time="0.0"/>
  <testcase classname="testNGtutorial.day4" name="webloginHomeLoan" time="0.002"/>
  <testcase classname="testNGtutorial.day1" name="demo2" time="0.0">
    <ignored/>
  </testcase> <!-- demo2 -->
</testsuite> <!-- Personal Loan -->
